<?xml version="1.0" encoding="UTF-8"?>
<testsuite name="CipherTest" tests="2" skipped="0" failures="0" errors="0" timestamp="2020-01-27T08:51:06" hostname="DESKTOP-VS66IPJ" time="0.006">
  <properties/>
  <testcase name="encoder_encodeInput_shouldEncodeCharacter_String" classname="CipherTest" time="0.006"/>
  <testcase name="encode_encodeInput_shouldEncodeWord_String" classname="CipherTest" time="0.0"/>
  <system-out><![CDATA[]]></system-out>
  <system-err><![CDATA[]]></system-err>
</testsuite>
